<?xml version="1.0" encoding="UTF-8"?>
<testsuite xmlns:xsi="http://www.w3.org/2001/XMLSchema-instance" xsi:noNamespaceSchemaLocation="https://maven.apache.org/surefire/maven-surefire-plugin/xsd/surefire-test-report.xsd" name="com.epam.esm.dao.TagDAOTest" time="0.651" tests="3" errors="0" skipped="0" failures="0">
  <properties>
[...]
</properties>
  <testcase name="findTagsByGift" classname="com.epam.esm.dao.TagDAOTest" time="0.152"/>
  <testcase name="allTags" classname="com.epam.esm.dao.TagDAOTest" time="0.052"/>
  <testcase name="findByName" classname="com.epam.esm.dao.TagDAOTest" time="0"/>
</testsuite>