<?xml version="1.0" encoding="UTF-8"?>
<testsuite xmlns:xsi="http://www.w3.org/2001/XMLSchema-instance" xsi:noNamespaceSchemaLocation="https://maven.apache.org/surefire/maven-surefire-plugin/xsd/surefire-test-report.xsd" name="com.epam.esm.dao.GiftCertificateDAOImplTest" time="0.103" tests="7" errors="0" skipped="0" failures="0">
  <properties>
[...]
</properties>
  <testcase name="create" classname="com.epam.esm.dao.GiftCertificateDAOImplTest" time="0.015"/>
  <testcase name="delete" classname="com.epam.esm.dao.GiftCertificateDAOImplTest" time="0.011"/>
  <testcase name="update" classname="com.epam.esm.dao.GiftCertificateDAOImplTest" time="0.024"/>
  <testcase name="findByName" classname="com.epam.esm.dao.GiftCertificateDAOImplTest" time="0.008"/>
  <testcase name="read" classname="com.epam.esm.dao.GiftCertificateDAOImplTest" time="0.007"/>
  <testcase name="addTagToGift" classname="com.epam.esm.dao.GiftCertificateDAOImplTest" time="0.011"/>
  <testcase name="allGifts" classname="com.epam.esm.dao.GiftCertificateDAOImplTest" time="0.016"/>
</testsuite>